<?xml version="1.0" encoding="UTF-8"?>
<!-- Generated by org.testng.reporters.JUnitReportReporter -->
<testsuite hostname="INLEN8520046594" failures="0" tests="8" name="test.scenarious.CartPageTest" time="55.809" errors="0" timestamp="2023-01-10T16:26:28 IST" skipped="0">
  <testcase classname="test.scenarious.CartPageTest" name="login" time="0.950"/>
  <system-out>
    <![CDATA[Email is entered into textField
Password is entered into textField
Login Button is clicked
null
Edit your account information]]>
  </system-out>
  <testcase classname="test.scenarious.CartPageTest" name="CartPage" time="1.081"/>
  <system-out>
    <![CDATA[Clicked on Cart Page
Clicked on Checkout Page
Clicked on remove product iMac from Checkout Page

Clicked on Checkout Page

  Products marked with *** are not available in the desired quantity or not in stock!]]>
  </system-out>
  <testcase classname="test.scenarious.CartPageTest" name="login" time="0.732"/>
  <system-out>
    <![CDATA[Email is entered into textField
Password is entered into textField
Login Button is clicked
null
Edit your account information]]>
  </system-out>
  <testcase classname="test.scenarious.CartPageTest" name="CartPage" time="0.934"/>
  <system-out>
    <![CDATA[Clicked on Cart Page
Clicked on Checkout Page
Clicked on remove product iMac from Checkout Page

Clicked on Checkout Page

  Products marked with *** are not available in the desired quantity or not in stock!]]>
  </system-out>
  <testcase classname="test.scenarious.CartPageTest" name="Screenshot" time="0.326"/>
  <system-out>
    <![CDATA[.//ssfolder//Tue,Jan,10,16-25-59,IST,2023.png
ScreenShot is Taken
Browser is closed]]>
  </system-out>
  <testcase classname="test.scenarious.CartPageTest" name="Screenshot" time="0.362"/>
  <system-out>
    <![CDATA[.//ssfolder//Tue,Jan,10,16-25-24,IST,2023.png
ScreenShot is Taken
Browser is closed]]>
  </system-out>
  <testcase classname="test.scenarious.CartPageTest" name="products" time="26.591"/>
  <system-out>
    <![CDATA[>>>>>>>>>Moved to Desktop present in NAVIGATION

>>>>>>>>>Clicked on Mac

>>>>>>>>>Clicked on iMac add to cart button

COMPARE MESSAGE: Success: You have added iMac to your shopping cart!
×
IN MainSuccess: You have added iMac to your shopping cart!
×
Message should be: Success: You have added iMac to your shopping cart!
×
>>>>>>>>>Clicked on Tablets Mobiles

>>>>>>>>>Clicked on add to cart Samsung Galaxy Tab 

COMPARE MESSAGE: Success: You have added Samsung Galaxy Tab 10.1 to your shopping cart!
×
IN MainSuccess: You have added Samsung Galaxy Tab 10.1 to your shopping cart!
×
Message should be: Success: You have added Samsung Galaxy Tab 10.1 to your shopping cart!
×
available Desktops (13)
available Laptops & Notebooks (5)
available Components (2)
available Tablets (1)
uavailable Software (0)
available Phones & PDAs (3)
available Cameras (2)
available MP3 Players (4)]]>
  </system-out>
  <testcase classname="test.scenarious.CartPageTest" name="products" time="24.833"/>
  <system-out>
    <![CDATA[>>>>>>>>>Moved to Desktop present in NAVIGATION

>>>>>>>>>Clicked on Mac

>>>>>>>>>Clicked on iMac add to cart button

COMPARE MESSAGE: Success: You have added iMac to your shopping cart!
×
IN MainSuccess: You have added iMac to your shopping cart!
×
Message should be: Success: You have added iMac to your shopping cart!
×
>>>>>>>>>Clicked on Tablets Mobiles

>>>>>>>>>Clicked on add to cart Samsung Galaxy Tab 

COMPARE MESSAGE: Success: You have added Samsung Galaxy Tab 10.1 to your shopping cart!
×
IN MainSuccess: You have added Samsung Galaxy Tab 10.1 to your shopping cart!
×
Message should be: Success: You have added Samsung Galaxy Tab 10.1 to your shopping cart!
×
available Desktops (13)
available Laptops & Notebooks (5)
available Components (2)
available Tablets (1)
uavailable Software (0)
available Phones & PDAs (3)
available Cameras (2)
available MP3 Players (4)]]>
  </system-out>
</testsuite> <!-- test.scenarious.CartPageTest -->
