<?xml version="1.0" encoding="UTF-8"?>
<!-- Generated by org.testng.reporters.JUnitReportReporter -->
<testsuite hostname="INLEN8520046594" failures="0" tests="4" name="test.scenarious.ProductsPageTest" time="54.243" errors="0" timestamp="2023-01-10T17:18:24 IST" skipped="0">
  <testcase classname="test.scenarious.ProductsPageTest" name="products" time="26.324"/>
  <system-out>
    <![CDATA[>>>>>>>>>Moved to Desktop present in NAVIGATION

>>>>>>>>>Clicked on Mac

>>>>>>>>>Clicked on iMac add to cart button

COMPARE MESSAGE: Success: You have added iMac to your shopping cart!
×
IN MainSuccess: You have added iMac to your shopping cart!
×
Message should be: Success: You have added iMac to your shopping cart!
×
>>>>>>>>>Clicked on Tablets Mobiles

>>>>>>>>>Clicked on add to cart Samsung Galaxy Tab 

COMPARE MESSAGE: Success: You have added Samsung Galaxy Tab 10.1 to your shopping cart!
×
IN MainSuccess: You have added Samsung Galaxy Tab 10.1 to your shopping cart!
×
Message should be: Success: You have added Samsung Galaxy Tab 10.1 to your shopping cart!
×
available Desktops (13)
available Laptops & Notebooks (5)
available Components (2)
available Tablets (1)
uavailable Software (0)
available Phones & PDAs (3)
available Cameras (2)
available MP3 Players (4)]]>
  </system-out>
  <testcase classname="test.scenarious.ProductsPageTest" name="login" time="1.388"/>
  <system-out>
    <![CDATA[Email is entered into textField
Password is entered into textField
Login Button is clicked
null
Edit your account information]]>
  </system-out>
  <testcase classname="test.scenarious.ProductsPageTest" name="products" time="25.438"/>
  <system-out>
    <![CDATA[>>>>>>>>>Moved to Desktop present in NAVIGATION

>>>>>>>>>Clicked on Mac

>>>>>>>>>Clicked on iMac add to cart button

COMPARE MESSAGE: Success: You have added iMac to your shopping cart!
×
IN MainSuccess: You have added iMac to your shopping cart!
×
Message should be: Success: You have added iMac to your shopping cart!
×
>>>>>>>>>Clicked on Tablets Mobiles

>>>>>>>>>Clicked on add to cart Samsung Galaxy Tab 

COMPARE MESSAGE: Success: You have added Samsung Galaxy Tab 10.1 to your shopping cart!
×
IN MainSuccess: You have added Samsung Galaxy Tab 10.1 to your shopping cart!
×
Message should be: Success: You have added Samsung Galaxy Tab 10.1 to your shopping cart!
×
available Desktops (13)
available Laptops & Notebooks (5)
available Components (2)
available Tablets (1)
uavailable Software (0)
available Phones & PDAs (3)
available Cameras (2)
available MP3 Players (4)]]>
  </system-out>
  <testcase classname="test.scenarious.ProductsPageTest" name="login" time="1.093"/>
  <system-out>
    <![CDATA[Email is entered into textField
Password is entered into textField
Login Button is clicked
null
Edit your account information]]>
  </system-out>
</testsuite> <!-- test.scenarious.ProductsPageTest -->
