<?xml version="1.0" encoding="UTF-8"?>
<!-- Generated by org.testng.reporters.JUnitReportReporter -->
<testsuite hostname="INLEN8520046594" failures="0" tests="16" name="test.scenarious.Test_Ninja" time="49.914" errors="0" timestamp="2022-12-28T20:21:50 IST" skipped="0">
  <testcase classname="test.scenarious.Test_Ninja" name="readConfig" time="0.002"/>
  <system-out/>
  <testcase classname="test.scenarious.Test_Ninja" name="readConfig" time="0.013"/>
  <system-out/>
  <testcase classname="test.scenarious.Test_Ninja" name="setUp" time="3.034"/>
  <system-out/>
  <testcase classname="test.scenarious.Test_Ninja" name="setUp" time="2.216"/>
  <system-out/>
  <testcase classname="test.scenarious.Test_Ninja" name="openBrowsers" time="0.570"/>
  <system-out/>
  <testcase classname="test.scenarious.Test_Ninja" name="openBrowsers" time="0.777"/>
  <system-out/>
  <testcase classname="test.scenarious.Test_Ninja" name="register" time="3.160"/>
  <system-out/>
  <testcase classname="test.scenarious.Test_Ninja" name="register" time="3.127"/>
  <system-out/>
  <testcase classname="test.scenarious.Test_Ninja" name="login" time="2.757"/>
  <system-out/>
  <testcase classname="test.scenarious.Test_Ninja" name="login" time="2.808"/>
  <system-out/>
  <testcase classname="test.scenarious.Test_Ninja" name="products" time="13.061"/>
  <system-out/>
  <testcase classname="test.scenarious.Test_Ninja" name="products" time="12.989"/>
  <system-out/>
  <testcase classname="test.scenarious.Test_Ninja" name="Cart_Page" time="0.794"/>
  <system-out/>
  <testcase classname="test.scenarious.Test_Ninja" name="Cart_Page" time="4.164"/>
  <system-out/>
  <testcase classname="test.scenarious.Test_Ninja" name="Screenshot" time="0.212"/>
  <system-out>
    <![CDATA[broser]]>
  </system-out>
  <testcase classname="test.scenarious.Test_Ninja" name="Screenshot" time="0.230"/>
  <system-out>
    <![CDATA[broser]]>
  </system-out>
</testsuite> <!-- test.scenarious.Test_Ninja -->
